Thu Nov 22 16:12:38 2018
Archivos index.html y admin.html actualizados

Thu Nov 22 16:12:39 2018
Las sumas md5 son iguales, no hay cambios en los archivos del servidor
Thu Nov 22 16:12:44 2018
server: got connection from 
127.0.0.1

Thu Nov 22 16:12:44 2018
REQUEST:  GET / HTTP/1.1
Thu Nov 22 16:12:45 2018
server: got connection from 
127.0.0.1

Thu Nov 22 16:12:45 2018
server: got connection from 
127.0.0.1

Thu Nov 22 16:12:45 2018
REQUEST:  GET /assets/web/assets/mobirise-icons/mobirise-icons.css HTTP/1.1
Thu Nov 22 16:12:45 2018
REQUEST:  GET /assets/tether/tether.min.css HTTP/1.1
Thu Nov 22 16:12:45 2018
server: got connection from 
127.0.0.1

Thu Nov 22 16:12:45 2018
server: got connection from 
127.0.0.1

Thu Nov 22 16:12:45 2018
server: got connection from 
127.0.0.1

Thu Nov 22 16:12:45 2018
REQUEST:  GET /assets/bootstrap/css/bootstrap.min.css HTTP/1.1
Thu Nov 22 16:12:45 2018
REQUEST:  GET /assets/bootstrap/css/bootstrap-grid.min.css HTTP/1.1
Thu Nov 22 16:12:45 2018
server: got connection from 
127.0.0.1

Thu Nov 22 16:12:45 2018
server: got connection from 
127.0.0.1

Thu Nov 22 16:12:45 2018
server: got connection from 
127.0.0.1

Thu Nov 22 16:12:45 2018
REQUEST:  GET /assets/bootstrap/css/bootstrap-reboot.min.css HTTP/1.1
Thu Nov 22 16:12:45 2018
server: got connection from 
127.0.0.1

Thu Nov 22 16:12:45 2018
server: got connection from 
127.0.0.1

Thu Nov 22 16:12:45 2018
REQUEST:  GET /assets/dropdown/css/style.css HTTP/1.1
Thu Nov 22 16:12:45 2018
REQUEST:  GET /estilos.css HTTP/1.1
Thu Nov 22 16:12:45 2018
REQUEST:  GET /assets/web/assets/jquery/jquery.min.js HTTP/1.1
Thu Nov 22 16:12:45 2018
server: got connection from 
127.0.0.1

Thu Nov 22 16:12:45 2018
server: got connection from 
127.0.0.1

Thu Nov 22 16:12:45 2018
REQUEST:  GET /assets/mobirise/css/mbr-additional.css HTTP/1.1
Thu Nov 22 16:12:45 2018
REQUEST:  GET /assets/tether/tether.min.js HTTP/1.1
Thu Nov 22 16:12:45 2018
REQUEST:  GET /assets/bootstrap/js/bootstrap.min.js HTTP/1.1
Thu Nov 22 16:12:45 2018
REQUEST:  GET /assets/theme/css/style.css HTTP/1.1
Thu Nov 22 16:12:45 2018
server: got connection from 
127.0.0.1

Thu Nov 22 16:12:45 2018
REQUEST:  GET /assets/smoothscroll/smooth-scroll.js HTTP/1.1
Thu Nov 22 16:12:45 2018
server: got connection from 
127.0.0.1

Thu Nov 22 16:12:45 2018
REQUEST:  GET /assets/theme/js/script.js HTTP/1.1
Thu Nov 22 16:12:45 2018
server: got connection from 
127.0.0.1

Thu Nov 22 16:12:45 2018
REQUEST:  GET /assets/popper/popper.min.js HTTP/1.1
Thu Nov 22 16:12:45 2018
server: got connection from 
127.0.0.1

Thu Nov 22 16:12:45 2018
server: got connection from 
127.0.0.1

Thu Nov 22 16:12:45 2018
REQUEST:  GET /assets/dropdown/js/script.min.js HTTP/1.1
Thu Nov 22 16:12:45 2018
REQUEST:  GET /assets/touchswipe/jquery.touch-swipe.min.js HTTP/1.1
Thu Nov 22 16:12:50 2018
Las sumas md5 son iguales, no hay cambios en los archivos del servidor
Thu Nov 22 16:12:50 2018
server: got connection from 
127.0.0.1

Thu Nov 22 16:12:50 2018
server: got connection from 
127.0.0.1

Thu Nov 22 16:12:50 2018
server: got connection from 
127.0.0.1

Thu Nov 22 16:12:50 2018
server: got connection from 
127.0.0.1

Thu Nov 22 16:12:50 2018
REQUEST:  GET /dino.jpg HTTP/1.1
Thu Nov 22 16:12:50 2018
REQUEST:  GET /despacio.jpg HTTP/1.1
Thu Nov 22 16:12:50 2018
REQUEST:  GET /cat.jpg HTTP/1.1
Thu Nov 22 16:12:50 2018
REQUEST:  GET /assets/images/ostubelogotrans-160x150.png HTTP/1.1
Thu Nov 22 16:12:51 2018
server: got connection from 
127.0.0.1

Thu Nov 22 16:12:51 2018
REQUEST:  GET /assets/images/ostubelogotrans-160x150.png HTTP/1.1
Thu Nov 22 16:13:00 2018
Las sumas md5 son diferentes

Thu Nov 22 16:13:01 2018
server: got connection from 
127.0.0.1

Thu Nov 22 16:13:01 2018
REQUEST:  GET /actualizarIndex HTTP/1.1
Thu Nov 22 16:13:11 2018
Las sumas md5 son iguales, no hay cambios en los archivos del servidor
Thu Nov 22 16:13:22 2018
Las sumas md5 son iguales, no hay cambios en los archivos del servidor
Thu Nov 22 16:13:32 2018
Las sumas md5 son iguales, no hay cambios en los archivos del servidor
Thu Nov 22 16:13:35 2018
server: got connection from 
127.0.0.1

Thu Nov 22 16:13:35 2018
REQUEST:  GET /actualizarIndex HTTP/1.1
Thu Nov 22 16:13:42 2018
Las sumas md5 son iguales, no hay cambios en los archivos del servidor
Thu Nov 22 16:13:45 2018
server: got connection from 
127.0.0.1

Thu Nov 22 16:13:45 2018
REQUEST:  GET /actualizarIndex HTTP/1.1
Thu Nov 22 16:13:47 2018
server: got connection from 
127.0.0.1

Thu Nov 22 17:12:07 2018
Archivos index.html y admin.html actualizados

Thu Nov 22 17:12:07 2018
Las sumas md5 son iguales, no hay cambios en los archivos del servidor
Thu Nov 22 17:12:11 2018
server: got connection from 
127.0.0.1

Thu Nov 22 17:12:12 2018
REQUEST:  GET / HTTP/1.1
Thu Nov 22 17:12:12 2018
server: got connection from 
127.0.0.1

Thu Nov 22 17:12:12 2018
server: got connection from 
127.0.0.1

Thu Nov 22 17:12:12 2018
server: got connection from 
127.0.0.1

Thu Nov 22 17:12:12 2018
REQUEST:  GET /assets/tether/tether.min.css HTTP/1.1
Thu Nov 22 17:12:12 2018
REQUEST:  GET /assets/web/assets/mobirise-icons/mobirise-icons.css HTTP/1.1
Thu Nov 22 17:12:12 2018
server: got connection from 
127.0.0.1

Thu Nov 22 17:12:12 2018
server: got connection from 
127.0.0.1

Thu Nov 22 17:12:12 2018
server: got connection from 
127.0.0.1

Thu Nov 22 17:12:12 2018
server: got connection from 
127.0.0.1

Thu Nov 22 17:12:12 2018
server: got connection from 
127.0.0.1

Thu Nov 22 17:12:12 2018
REQUEST:  GET /assets/bootstrap/css/bootstrap-grid.min.css HTTP/1.1
Thu Nov 22 17:12:12 2018
REQUEST:  GET /assets/bootstrap/css/bootstrap-reboot.min.css HTTP/1.1
Thu Nov 22 17:12:12 2018
REQUEST:  GET /assets/dropdown/css/style.css HTTP/1.1
Thu Nov 22 17:12:12 2018
server: got connection from 
127.0.0.1

Thu Nov 22 17:12:12 2018
server: got connection from 
127.0.0.1

Thu Nov 22 17:12:12 2018
REQUEST:  GET /estilos.css HTTP/1.1
Thu Nov 22 17:12:12 2018
REQUEST:  GET /assets/web/assets/jquery/jquery.min.js HTTP/1.1
Thu Nov 22 17:12:12 2018
REQUEST:  GET /assets/theme/css/style.css HTTP/1.1
Thu Nov 22 17:12:12 2018
REQUEST:  GET /assets/bootstrap/css/bootstrap.min.css HTTP/1.1
Thu Nov 22 17:12:12 2018
REQUEST:  GET /assets/mobirise/css/mbr-additional.css HTTP/1.1
Thu Nov 22 17:12:12 2018
server: got connection from 
127.0.0.1

Thu Nov 22 17:12:12 2018
server: got connection from 
127.0.0.1

Thu Nov 22 17:12:12 2018
server: got connection from 
127.0.0.1

Thu Nov 22 17:12:12 2018
server: got connection from 
127.0.0.1

Thu Nov 22 17:12:12 2018
server: got connection from 
127.0.0.1

Thu Nov 22 17:12:12 2018
server: got connection from 
127.0.0.1

Thu Nov 22 17:12:12 2018
REQUEST:  GET /assets/touchswipe/jquery.touch-swipe.min.js HTTP/1.1
Thu Nov 22 17:12:12 2018
server: got connection from 
127.0.0.1

Thu Nov 22 17:12:12 2018
REQUEST:  GET /assets/smoothscroll/smooth-scroll.js HTTP/1.1
Thu Nov 22 17:12:12 2018
server: got connection from 
127.0.0.1

Thu Nov 22 17:12:12 2018
REQUEST:  GET /assets/dropdown/js/script.min.js HTTP/1.1
Thu Nov 22 17:12:12 2018
REQUEST:  GET /assets/bootstrap/js/bootstrap.min.js HTTP/1.1
Thu Nov 22 17:12:12 2018
REQUEST:  GET /assets/tether/tether.min.js HTTP/1.1
Thu Nov 22 17:12:12 2018
server: got connection from 
127.0.0.1

Thu Nov 22 17:12:12 2018
REQUEST:  GET /assets/images/ostubelogotrans-160x150.png HTTP/1.1
Thu Nov 22 17:12:12 2018
server: got connection from 
127.0.0.1

Thu Nov 22 17:12:12 2018
REQUEST:  GET /assets/popper/popper.min.js HTTP/1.1
Thu Nov 22 17:12:12 2018
REQUEST:  GET /assets/theme/js/script.js HTTP/1.1
Thu Nov 22 17:12:12 2018
server: got connection from 
127.0.0.1

Thu Nov 22 17:12:12 2018
REQUEST:  GET /cat.jpg HTTP/1.1
Thu Nov 22 17:12:12 2018
REQUEST:  GET /dino.jpg HTTP/1.1
Thu Nov 22 17:12:12 2018
REQUEST:  GET /despacio.jpg HTTP/1.1
Thu Nov 22 17:12:12 2018
server: got connection from 
127.0.0.1

Thu Nov 22 17:12:12 2018
REQUEST:  GET /assets/images/ostubelogotrans-160x150.png HTTP/1.1
Thu Nov 22 17:12:14 2018
server: got connection from 
127.0.0.1

Thu Nov 22 17:12:17 2018
Las sumas md5 son iguales, no hay cambios en los archivos del servidor
Thu Nov 22 17:12:20 2018
server: got connection from 
127.0.0.1

Thu Nov 22 17:12:22 2018
REQUEST:  GET /actualizarIndex HTTP/1.1
Thu Nov 22 17:12:22 2018
server: got connection from 
127.0.0.1

Thu Nov 22 17:12:23 2018
REQUEST:  GET /auxilioMeDesmayo.mp4 HTTP/1.1
Thu Nov 22 17:12:25 2018
server: got connection from 
127.0.0.1

Thu Nov 22 17:12:25 2018
REQUEST:  GET /favicon.ico HTTP/1.1
Thu Nov 22 17:12:28 2018
Las sumas md5 son iguales, no hay cambios en los archivos del servidor
Thu Nov 22 17:12:38 2018
Las sumas md5 son iguales, no hay cambios en los archivos del servidor
Thu Nov 22 17:12:48 2018
Las sumas md5 son iguales, no hay cambios en los archivos del servidor
Thu Nov 22 17:12:59 2018
Las sumas md5 son iguales, no hay cambios en los archivos del servidor
Thu Nov 22 20:49:56 2018
Archivos index.html y admin.html actualizados

Thu Nov 22 20:49:58 2018
Las sumas md5 son iguales, no hay cambios en los archivos del servidor
Thu Nov 22 20:50:06 2018
server: got connection from 
127.0.0.1

Thu Nov 22 20:50:08 2018
Las sumas md5 son iguales, no hay cambios en los archivos del servidor
Thu Nov 22 20:50:13 2018
server: got connection from 
127.0.0.1

Thu Nov 22 20:50:15 2018
REQUEST:  GET / HTTP/1.1
Thu Nov 22 20:50:15 2018
server: got connection from 
127.0.0.1

Thu Nov 22 20:50:15 2018
REQUEST:  GET /assets/web/assets/mobirise-icons/mobirise-icons.css HTTP/1.1
Thu Nov 22 20:50:15 2018
server: got connection from 
127.0.0.1

Thu Nov 22 20:50:15 2018
REQUEST:  GET /assets/tether/tether.min.css HTTP/1.1
Thu Nov 22 20:50:15 2018
server: got connection from 
127.0.0.1

Thu Nov 22 20:50:15 2018
REQUEST:  GET /assets/bootstrap/css/bootstrap.min.css HTTP/1.1
Thu Nov 22 20:50:15 2018
server: got connection from 
127.0.0.1

Thu Nov 22 20:50:15 2018
server: got connection from 
127.0.0.1

Thu Nov 22 20:50:15 2018
server: got connection from 
127.0.0.1

Thu Nov 22 20:50:15 2018
server: got connection from 
127.0.0.1

Thu Nov 22 20:50:15 2018
server: got connection from 
127.0.0.1

Thu Nov 22 20:50:15 2018
server: got connection from 
127.0.0.1

Thu Nov 22 20:50:15 2018
REQUEST:  GET /estilos.css HTTP/1.1
Thu Nov 22 20:50:15 2018
server: got connection from 
127.0.0.1

Thu Nov 22 20:50:15 2018
REQUEST:  GET /assets/mobirise/css/mbr-additional.css HTTP/1.1
Thu Nov 22 20:50:15 2018
REQUEST:  GET /assets/web/assets/jquery/jquery.min.js HTTP/1.1
Thu Nov 22 20:50:15 2018
REQUEST:  GET /assets/dropdown/css/style.css HTTP/1.1
Thu Nov 22 20:50:15 2018
REQUEST:  GET /assets/bootstrap/css/bootstrap-reboot.min.css HTTP/1.1
Thu Nov 22 20:50:15 2018
REQUEST:  GET /assets/theme/css/style.css HTTP/1.1
Thu Nov 22 20:50:15 2018
REQUEST:  GET /assets/bootstrap/css/bootstrap-grid.min.css HTTP/1.1
Thu Nov 22 20:50:15 2018
server: got connection from 
127.0.0.1

Thu Nov 22 20:50:15 2018
server: got connection from 
127.0.0.1

Thu Nov 22 20:50:15 2018
server: got connection from 
127.0.0.1

Thu Nov 22 20:50:15 2018
server: got connection from 
127.0.0.1

Thu Nov 22 20:50:15 2018
server: got connection from 
127.0.0.1

Thu Nov 22 20:50:15 2018
server: got connection from 
127.0.0.1

Thu Nov 22 20:50:15 2018
REQUEST:  GET /assets/tether/tether.min.js HTTP/1.1
Thu Nov 22 20:50:16 2018
server: got connection from 
127.0.0.1

Thu Nov 22 20:50:16 2018
REQUEST:  GET /assets/touchswipe/jquery.touch-swipe.min.js HTTP/1.1
Thu Nov 22 20:50:16 2018
REQUEST:  GET /assets/dropdown/js/script.min.js HTTP/1.1
Thu Nov 22 20:50:16 2018
REQUEST:  GET /assets/smoothscroll/smooth-scroll.js HTTP/1.1
Thu Nov 22 20:50:16 2018
REQUEST:  GET /assets/bootstrap/js/bootstrap.min.js HTTP/1.1
Thu Nov 22 20:50:16 2018
server: got connection from 
127.0.0.1

Thu Nov 22 20:50:16 2018
REQUEST:  GET /assets/popper/popper.min.js HTTP/1.1
Thu Nov 22 20:50:16 2018
server: got connection from 
127.0.0.1

Thu Nov 22 20:50:16 2018
REQUEST:  GET /assets/theme/js/script.js HTTP/1.1
Thu Nov 22 20:50:16 2018
server: got connection from 
127.0.0.1

Thu Nov 22 20:50:16 2018
REQUEST:  GET /cat.jpg HTTP/1.1
Thu Nov 22 20:50:16 2018
server: got connection from 
127.0.0.1

Thu Nov 22 20:50:16 2018
REQUEST:  GET /assets/images/ostubelogotrans-160x150.png HTTP/1.1
Thu Nov 22 20:50:16 2018
REQUEST:  GET /dino.jpg HTTP/1.1
Thu Nov 22 20:50:16 2018
REQUEST:  GET /despacio.jpg HTTP/1.1
Thu Nov 22 20:50:16 2018
server: got connection from 
127.0.0.1

Thu Nov 22 20:50:16 2018
REQUEST:  GET /assets/images/ostubelogotrans-160x150.png HTTP/1.1
Thu Nov 22 20:50:19 2018
Las sumas md5 son iguales, no hay cambios en los archivos del servidor
Thu Nov 22 20:50:26 2018
server: got connection from 
127.0.0.1

Thu Nov 22 20:50:26 2018
REQUEST:  GET /actualizarIndex HTTP/1.1
Thu Nov 22 20:50:26 2018
server: got connection from 
127.0.0.1

Thu Nov 22 20:50:29 2018
REQUEST:  GET /assets/theme/css/style.css.map HTTP/1.1
Thu Nov 22 20:50:29 2018
server: got connection from 
127.0.0.1

Thu Nov 22 20:50:29 2018
REQUEST:  GET /assets/bootstrap/css/bootstrap-reboot.min.css.map HTTP/1.1
Thu Nov 22 20:50:29 2018
server: got connection from 
127.0.0.1

Thu Nov 22 20:50:29 2018
REQUEST:  GET /assets/bootstrap/css/bootstrap.min.css.map HTTP/1.1
Thu Nov 22 20:50:29 2018
server: got connection from 
127.0.0.1

Thu Nov 22 20:50:29 2018
REQUEST:  GET /assets/bootstrap/css/bootstrap-grid.min.css.map HTTP/1.1
Thu Nov 22 20:50:29 2018
Las sumas md5 son iguales, no hay cambios en los archivos del servidor
Thu Nov 22 20:50:34 2018
server: got connection from 
127.0.0.1

Thu Nov 22 20:50:34 2018
REQUEST:  GET /assets/bootstrap/js/bootstrap.min.js.map HTTP/1.1
Thu Nov 22 20:50:36 2018
server: got connection from 
127.0.0.1

Thu Nov 22 20:50:36 2018
REQUEST:  GET /actualizarIndex HTTP/1.1
Thu Nov 22 20:50:40 2018
Las sumas md5 son iguales, no hay cambios en los archivos del servidor
Thu Nov 22 20:50:46 2018
server: got connection from 
127.0.0.1

Thu Nov 22 20:50:46 2018
REQUEST:  GET /actualizarIndex HTTP/1.1
Thu Nov 22 20:50:50 2018
Las sumas md5 son iguales, no hay cambios en los archivos del servidor
Thu Nov 22 20:50:56 2018
server: got connection from 
127.0.0.1

Thu Nov 22 20:50:56 2018
REQUEST:  GET /actualizarIndex HTTP/1.1
Thu Nov 22 20:51:01 2018
Las sumas md5 son iguales, no hay cambios en los archivos del servidor
Thu Nov 22 20:51:12 2018
Las sumas md5 son diferentes

Thu Nov 22 20:51:21 2018
server: got connection from 
127.0.0.1

Thu Nov 22 20:51:21 2018
REQUEST:  GET /actualizarIndex HTTP/1.1
Thu Nov 22 20:51:22 2018
Las sumas md5 son iguales, no hay cambios en los archivos del servidor
Thu Nov 22 20:51:33 2018
Las sumas md5 son iguales, no hay cambios en los archivos del servidor
Thu Nov 22 20:51:44 2018
Las sumas md5 son iguales, no hay cambios en los archivos del servidor
Thu Nov 22 20:51:54 2018
Las sumas md5 son iguales, no hay cambios en los archivos del servidor
Thu Nov 22 20:52:03 2018
server: got connection from 
127.0.0.1

Thu Nov 22 20:52:03 2018
REQUEST:  GET /actualizarIndex HTTP/1.1
Thu Nov 22 20:52:05 2018
Las sumas md5 son iguales, no hay cambios en los archivos del servidor
Thu Nov 22 20:52:14 2018
server: got connection from 
127.0.0.1

Thu Nov 22 20:52:14 2018
REQUEST:  GET /actualizarIndex HTTP/1.1
Thu Nov 22 20:52:14 2018
server: got connection from 
127.0.0.1

Thu Nov 22 20:52:15 2018
Las sumas md5 son iguales, no hay cambios en los archivos del servidor
Thu Nov 22 20:52:18 2018
server: got connection from 
127.0.0.1

Thu Nov 22 20:52:21 2018
server: got connection from 
127.0.0.1

Thu Nov 22 20:52:21 2018
server: got connection from 
127.0.0.1

Thu Nov 22 20:52:24 2018
server: got connection from 
127.0.0.1

Thu Nov 22 20:52:24 2018
REQUEST:  GET /actualizarIndex HTTP/1.1
Thu Nov 22 20:52:25 2018
Las sumas md5 son iguales, no hay cambios en los archivos del servidor
Thu Nov 22 20:52:31 2018
server: got connection from 
127.0.0.1

Thu Nov 22 20:52:34 2018
server: got connection from 
127.0.0.1

Thu Nov 22 20:52:34 2018
REQUEST:  GET /actualizarIndex HTTP/1.1
Thu Nov 22 20:52:36 2018
Las sumas md5 son iguales, no hay cambios en los archivos del servidor
Thu Nov 22 20:52:37 2018
server: got connection from 
127.0.0.1

Thu Nov 22 20:52:39 2018
server: got connection from 
127.0.0.1

Thu Nov 22 20:52:44 2018
server: got connection from 
127.0.0.1

Thu Nov 22 20:52:44 2018
REQUEST:  GET /actualizarIndex HTTP/1.1
Thu Nov 22 20:52:46 2018
Las sumas md5 son iguales, no hay cambios en los archivos del servidor
Thu Nov 22 20:52:47 2018
server: got connection from 
127.0.0.1

Thu Nov 22 20:52:54 2018
server: got connection from 
127.0.0.1

Thu Nov 22 20:52:54 2018
REQUEST:  GET /actualizarIndex HTTP/1.1
Thu Nov 22 20:52:57 2018
Las sumas md5 son iguales, no hay cambios en los archivos del servidor
Thu Nov 22 20:53:07 2018
Las sumas md5 son iguales, no hay cambios en los archivos del servidor
Thu Nov 22 20:53:18 2018
Las sumas md5 son iguales, no hay cambios en los archivos del servidor
Thu Nov 22 20:53:28 2018
Las sumas md5 son iguales, no hay cambios en los archivos del servidor
Thu Nov 22 20:53:38 2018
Las sumas md5 son iguales, no hay cambios en los archivos del servidor
Thu Nov 22 20:53:49 2018
Las sumas md5 son iguales, no hay cambios en los archivos del servidor
Thu Nov 22 20:53:59 2018
Las sumas md5 son iguales, no hay cambios en los archivos del servidor
Thu Nov 22 20:54:10 2018
Las sumas md5 son iguales, no hay cambios en los archivos del servidor
Thu Nov 22 20:55:11 2018
Archivos index.html y admin.html actualizados

Thu Nov 22 20:55:12 2018
Las sumas md5 son iguales, no hay cambios en los archivos del servidor
Thu Nov 22 20:55:22 2018
Las sumas md5 son iguales, no hay cambios en los archivos del servidor
Thu Nov 22 20:55:24 2018
server: got connection from 
127.0.0.1

Thu Nov 22 20:55:27 2018
REQUEST:  GET / HTTP/1.1
Thu Nov 22 20:55:27 2018
server: got connection from 
127.0.0.1

Thu Nov 22 20:55:27 2018
server: got connection from 
127.0.0.1

Thu Nov 22 20:55:27 2018
server: got connection from 
127.0.0.1

Thu Nov 22 20:55:27 2018
server: got connection from 
127.0.0.1

Thu Nov 22 20:55:27 2018
server: got connection from 
127.0.0.1

Thu Nov 22 20:55:27 2018
REQUEST:  GET /assets/bootstrap/css/bootstrap-grid.min.css HTTP/1.1
Thu Nov 22 20:55:27 2018
REQUEST:  GET /assets/bootstrap/css/bootstrap.min.css HTTP/1.1
Thu Nov 22 20:55:27 2018
REQUEST:  GET /assets/bootstrap/css/bootstrap-reboot.min.css HTTP/1.1
Thu Nov 22 20:55:27 2018
server: got connection from 
127.0.0.1

Thu Nov 22 20:55:27 2018
REQUEST:  GET /assets/theme/css/style.css HTTP/1.1
Thu Nov 22 20:55:27 2018
REQUEST:  GET /assets/mobirise/css/mbr-additional.css HTTP/1.1
Thu Nov 22 20:55:27 2018
server: got connection from 
127.0.0.1

Thu Nov 22 20:55:27 2018
server: got connection from 
127.0.0.1

Thu Nov 22 20:55:27 2018
server: got connection from 
127.0.0.1

Thu Nov 22 20:55:27 2018
REQUEST:  GET /assets/web/assets/mobirise-icons/mobirise-icons.css HTTP/1.1
Thu Nov 22 20:55:27 2018
server: got connection from 
127.0.0.1

Thu Nov 22 20:55:27 2018
server: got connection from 
127.0.0.1

Thu Nov 22 20:55:27 2018
server: got connection from 
127.0.0.1

Thu Nov 22 20:55:27 2018
REQUEST:  GET /assets/tether/tether.min.css HTTP/1.1
Thu Nov 22 20:55:27 2018
REQUEST:  GET /assets/dropdown/css/style.css HTTP/1.1
Thu Nov 22 20:55:27 2018
REQUEST:  GET /estilos.css HTTP/1.1
Thu Nov 22 20:55:27 2018
server: got connection from 
127.0.0.1

Thu Nov 22 20:55:27 2018
REQUEST:  GET /assets/popper/popper.min.js HTTP/1.1
Thu Nov 22 20:55:27 2018
server: got connection from 
127.0.0.1

Thu Nov 22 20:55:27 2018
REQUEST:  GET /assets/tether/tether.min.js HTTP/1.1
Thu Nov 22 20:55:27 2018
REQUEST:  GET /assets/web/assets/jquery/jquery.min.js HTTP/1.1
Thu Nov 22 20:55:27 2018
server: got connection from 
127.0.0.1

Thu Nov 22 20:55:27 2018
server: got connection from 
127.0.0.1

Thu Nov 22 20:55:27 2018
REQUEST:  GET /assets/images/ostubelogotrans-160x150.png HTTP/1.1
Thu Nov 22 20:55:27 2018
REQUEST:  GET /assets/bootstrap/js/bootstrap.min.js HTTP/1.1
Thu Nov 22 20:55:27 2018
server: got connection from 
127.0.0.1

Thu Nov 22 20:55:27 2018
REQUEST:  GET /cat.jpg HTTP/1.1
Thu Nov 22 20:55:27 2018
server: got connection from 
127.0.0.1

Thu Nov 22 20:55:27 2018
REQUEST:  GET /assets/smoothscroll/smooth-scroll.js HTTP/1.1
Thu Nov 22 20:55:27 2018
REQUEST:  GET /dino.jpg HTTP/1.1
Thu Nov 22 20:55:27 2018
server: got connection from 
127.0.0.1

Thu Nov 22 20:55:27 2018
REQUEST:  GET /despacio.jpg HTTP/1.1
Thu Nov 22 20:55:27 2018
server: got connection from 
127.0.0.1

Thu Nov 22 20:55:27 2018
server: got connection from 
127.0.0.1

Thu Nov 22 20:55:27 2018
REQUEST:  GET /assets/dropdown/js/script.min.js HTTP/1.1
Thu Nov 22 20:55:27 2018
REQUEST:  GET /assets/touchswipe/jquery.touch-swipe.min.js HTTP/1.1
Thu Nov 22 20:55:27 2018
REQUEST:  GET /assets/theme/js/script.js HTTP/1.1
Thu Nov 22 20:55:28 2018
server: got connection from 
127.0.0.1

Thu Nov 22 20:55:28 2018
REQUEST:  GET /assets/images/ostubelogotrans-160x150.png HTTP/1.1
Thu Nov 22 20:55:30 2018
server: got connection from 
127.0.0.1

Thu Nov 22 20:55:31 2018
REQUEST:  GET /assets/bootstrap/js/bootstrap.min.js.map HTTP/1.1
Thu Nov 22 20:55:33 2018
Las sumas md5 son iguales, no hay cambios en los archivos del servidor
Thu Nov 22 20:55:37 2018
server: got connection from 
127.0.0.1

Thu Nov 22 20:55:37 2018
REQUEST:  GET /actualizarIndex HTTP/1.1
Thu Nov 22 20:55:43 2018
Las sumas md5 son iguales, no hay cambios en los archivos del servidor
Thu Nov 22 20:55:47 2018
server: got connection from 
127.0.0.1

Thu Nov 22 20:55:47 2018
REQUEST:  GET /actualizarIndex HTTP/1.1
Thu Nov 22 20:55:54 2018
server: got connection from 
127.0.0.1

Thu Nov 22 20:55:55 2018
Las sumas md5 son diferentes

Thu Nov 22 20:55:57 2018
REQUEST:  GET /actualizarIndex HTTP/1.1
Thu Nov 22 20:56:07 2018
Las sumas md5 son iguales, no hay cambios en los archivos del servidor
Thu Nov 22 20:56:17 2018
Las sumas md5 son iguales, no hay cambios en los archivos del servidor
Thu Nov 22 20:56:24 2018
server: got connection from 
127.0.0.1

Thu Nov 22 20:56:24 2018
REQUEST:  GET /actualizarIndex HTTP/1.1
Thu Nov 22 20:56:28 2018
Las sumas md5 son iguales, no hay cambios en los archivos del servidor
Thu Nov 22 20:56:38 2018
Las sumas md5 son iguales, no hay cambios en los archivos del servidor
Thu Nov 22 20:56:48 2018
Las sumas md5 son iguales, no hay cambios en los archivos del servidor
Thu Nov 22 20:56:59 2018
Las sumas md5 son iguales, no hay cambios en los archivos del servidor
Thu Nov 22 20:57:10 2018
Las sumas md5 son iguales, no hay cambios en los archivos del servidor
Thu Nov 22 20:59:23 2018
Archivos index.html y admin.html actualizados

Thu Nov 22 20:59:24 2018
Las sumas md5 son iguales, no hay cambios en los archivos del servidor
Thu Nov 22 20:59:33 2018
server: got connection from 
127.0.0.1

Thu Nov 22 20:59:34 2018
REQUEST:  GET / HTTP/1.1
Thu Nov 22 20:59:34 2018
server: got connection from 
127.0.0.1

Thu Nov 22 20:59:34 2018
REQUEST:  GET /actualizarIndex HTTP/1.1
Thu Nov 22 20:59:34 2018
server: got connection from 
127.0.0.1

Thu Nov 22 20:59:34 2018
server: got connection from 
127.0.0.1

Thu Nov 22 20:59:34 2018
server: got connection from 
127.0.0.1

Thu Nov 22 20:59:34 2018
REQUEST:  GET /assets/web/assets/mobirise-icons/mobirise-icons.css HTTP/1.1
Thu Nov 22 20:59:34 2018
server: got connection from 
127.0.0.1

Thu Nov 22 20:59:34 2018
server: got connection from 
127.0.0.1

Thu Nov 22 20:59:34 2018
server: got connection from 
127.0.0.1

Thu Nov 22 20:59:34 2018
server: got connection from 
127.0.0.1

Thu Nov 22 20:59:34 2018
REQUEST:  GET /assets/bootstrap/css/bootstrap-reboot.min.css HTTP/1.1
Thu Nov 22 20:59:34 2018
REQUEST:  GET /assets/bootstrap/css/bootstrap-grid.min.css HTTP/1.1
Thu Nov 22 20:59:34 2018
server: got connection from 
127.0.0.1

Thu Nov 22 20:59:34 2018
REQUEST:  GET /assets/theme/css/style.css HTTP/1.1
Thu Nov 22 20:59:34 2018
server: got connection from 
127.0.0.1

Thu Nov 22 20:59:34 2018
server: got connection from 
127.0.0.1

Thu Nov 22 20:59:34 2018
REQUEST:  GET /assets/tether/tether.min.css HTTP/1.1
Thu Nov 22 20:59:34 2018
REQUEST:  GET /assets/mobirise/css/mbr-additional.css HTTP/1.1
Thu Nov 22 20:59:34 2018
server: got connection from 
127.0.0.1

Thu Nov 22 20:59:34 2018
REQUEST:  GET /assets/bootstrap/css/bootstrap.min.css HTTP/1.1
Thu Nov 22 20:59:34 2018
REQUEST:  GET /estilos.css HTTP/1.1
Thu Nov 22 20:59:34 2018
server: got connection from 
127.0.0.1

Thu Nov 22 20:59:34 2018
REQUEST:  GET /assets/web/assets/jquery/jquery.min.js HTTP/1.1
Thu Nov 22 20:59:34 2018
REQUEST:  GET /assets/dropdown/css/style.css HTTP/1.1
Thu Nov 22 20:59:34 2018
server: got connection from 
127.0.0.1

Thu Nov 22 20:59:34 2018
server: got connection from 
127.0.0.1

Thu Nov 22 20:59:34 2018
server: got connection from 
127.0.0.1

Thu Nov 22 20:59:34 2018
REQUEST:  GET /assets/tether/tether.min.js HTTP/1.1
Thu Nov 22 20:59:34 2018
REQUEST:  GET /assets/bootstrap/js/bootstrap.min.js HTTP/1.1
Thu Nov 22 20:59:34 2018
REQUEST:  GET /assets/popper/popper.min.js HTTP/1.1
Thu Nov 22 20:59:34 2018
server: got connection from 
127.0.0.1

Thu Nov 22 20:59:34 2018
server: got connection from 
127.0.0.1

Thu Nov 22 20:59:34 2018
server: got connection from 
127.0.0.1

Thu Nov 22 20:59:34 2018
REQUEST:  GET /assets/smoothscroll/smooth-scroll.js HTTP/1.1
Thu Nov 22 20:59:34 2018
REQUEST:  GET /assets/dropdown/js/script.min.js HTTP/1.1
Thu Nov 22 20:59:34 2018
REQUEST:  GET /assets/touchswipe/jquery.touch-swipe.min.js HTTP/1.1
Thu Nov 22 20:59:34 2018
REQUEST:  GET /assets/theme/js/script.js HTTP/1.1
Thu Nov 22 20:59:35 2018
Las sumas md5 son iguales, no hay cambios en los archivos del servidor
Thu Nov 22 20:59:35 2018
server: got connection from 
127.0.0.1

Thu Nov 22 20:59:35 2018
REQUEST:  GET /assets/images/ostubelogotrans-160x150.png HTTP/1.1
Thu Nov 22 20:59:35 2018
server: got connection from 
127.0.0.1

Thu Nov 22 20:59:35 2018
server: got connection from 
127.0.0.1

Thu Nov 22 20:59:35 2018
REQUEST:  GET /cat.jpg HTTP/1.1
Thu Nov 22 20:59:35 2018
REQUEST:  GET /dino.jpg HTTP/1.1
Thu Nov 22 20:59:35 2018
REQUEST:  GET /despacio.jpg HTTP/1.1
Thu Nov 22 20:59:36 2018
server: got connection from 
127.0.0.1

Thu Nov 22 20:59:36 2018
REQUEST:  GET /assets/images/ostubelogotrans-160x150.png HTTP/1.1
Thu Nov 22 20:59:38 2018
server: got connection from 
127.0.0.1

Thu Nov 22 20:59:38 2018
REQUEST:  GET /assets/bootstrap/js/bootstrap.min.js.map HTTP/1.1
Thu Nov 22 20:59:45 2018
Las sumas md5 son iguales, no hay cambios en los archivos del servidor
Thu Nov 22 20:59:45 2018
server: got connection from 
127.0.0.1

Thu Nov 22 20:59:46 2018
REQUEST:  GET /actualizarIndex HTTP/1.1
Thu Nov 22 20:59:56 2018
Las sumas md5 son iguales, no hay cambios en los archivos del servidor
Thu Nov 22 21:00:06 2018
Las sumas md5 son iguales, no hay cambios en los archivos del servidor
Thu Nov 22 21:00:11 2018
server: got connection from 
127.0.0.1

Thu Nov 22 21:00:11 2018
REQUEST:  GET /actualizarIndex HTTP/1.1
Thu Nov 22 21:00:17 2018
server: got connection from 
127.0.0.1

Thu Nov 22 21:00:17 2018
Las sumas md5 son diferentes

Thu Nov 22 21:00:21 2018
REQUEST:  GET /actualizarIndex HTTP/1.1
Thu Nov 22 21:00:28 2018
Las sumas md5 son iguales, no hay cambios en los archivos del servidor
Thu Nov 22 21:00:37 2018
server: got connection from 
127.0.0.1

Thu Nov 22 21:00:37 2018
REQUEST:  GET /actualizarIndex HTTP/1.1
Thu Nov 22 21:00:38 2018
Las sumas md5 son iguales, no hay cambios en los archivos del servidor
Thu Nov 22 21:00:49 2018
Las sumas md5 son iguales, no hay cambios en los archivos del servidor
Thu Nov 22 21:00:54 2018
server: got connection from 
127.0.0.1

Thu Nov 22 21:00:54 2018
REQUEST:  GET /actualizarIndex HTTP/1.1
Thu Nov 22 21:00:59 2018
Las sumas md5 son iguales, no hay cambios en los archivos del servidor
Thu Nov 22 21:01:10 2018
Las sumas md5 son iguales, no hay cambios en los archivos del servidor
Thu Nov 22 21:01:20 2018
Las sumas md5 son iguales, no hay cambios en los archivos del servidor
Thu Nov 22 21:01:30 2018
Las sumas md5 son iguales, no hay cambios en los archivos del servidor
Thu Nov 22 21:01:41 2018
Las sumas md5 son iguales, no hay cambios en los archivos del servidor
Thu Nov 22 21:01:51 2018
Las sumas md5 son iguales, no hay cambios en los archivos del servidor
Thu Nov 22 21:02:02 2018
Las sumas md5 son iguales, no hay cambios en los archivos del servidor
Thu Nov 22 21:02:12 2018
Las sumas md5 son iguales, no hay cambios en los archivos del servidor
Thu Nov 22 21:02:24 2018
Las sumas md5 son iguales, no hay cambios en los archivos del servidor
Thu Nov 22 21:02:34 2018
Las sumas md5 son iguales, no hay cambios en los archivos del servidor
Thu Nov 22 21:02:44 2018
Las sumas md5 son iguales, no hay cambios en los archivos del servidor
Thu Nov 22 21:02:55 2018
Las sumas md5 son iguales, no hay cambios en los archivos del servidor
Thu Nov 22 21:03:05 2018
Las sumas md5 son iguales, no hay cambios en los archivos del servidor
Thu Nov 22 21:03:16 2018
Las sumas md5 son iguales, no hay cambios en los archivos del servidor
Thu Nov 22 21:03:27 2018
Las sumas md5 son iguales, no hay cambios en los archivos del servidor
Thu Nov 22 21:03:37 2018
Las sumas md5 son iguales, no hay cambios en los archivos del servidor
Thu Nov 22 21:03:48 2018
Las sumas md5 son iguales, no hay cambios en los archivos del servidor
Thu Nov 22 21:03:58 2018
Las sumas md5 son iguales, no hay cambios en los archivos del servidor
Thu Nov 22 21:04:09 2018
Las sumas md5 son iguales, no hay cambios en los archivos del servidor
Thu Nov 22 21:04:19 2018
Las sumas md5 son iguales, no hay cambios en los archivos del servidor
Thu Nov 22 21:04:30 2018
Las sumas md5 son iguales, no hay cambios en los archivos del servidor
Thu Nov 22 21:04:40 2018
Las sumas md5 son iguales, no hay cambios en los archivos del servidor
Thu Nov 22 21:04:51 2018
Las sumas md5 son iguales, no hay cambios en los archivos del servidor
Thu Nov 22 21:05:02 2018
Las sumas md5 son iguales, no hay cambios en los archivos del servidor
Thu Nov 22 21:05:12 2018
Las sumas md5 son iguales, no hay cambios en los archivos del servidor
Thu Nov 22 21:05:22 2018
Las sumas md5 son iguales, no hay cambios en los archivos del servidor
Thu Nov 22 21:05:33 2018
Las sumas md5 son iguales, no hay cambios en los archivos del servidor
Thu Nov 22 21:05:43 2018
Las sumas md5 son iguales, no hay cambios en los archivos del servidor
Thu Nov 22 21:05:54 2018
Las sumas md5 son iguales, no hay cambios en los archivos del servidor
Thu Nov 22 21:06:05 2018
Las sumas md5 son iguales, no hay cambios en los archivos del servidor
Thu Nov 22 21:06:15 2018
Las sumas md5 son iguales, no hay cambios en los archivos del servidor
Thu Nov 22 21:06:25 2018
Las sumas md5 son iguales, no hay cambios en los archivos del servidor
Thu Nov 22 21:06:37 2018
Las sumas md5 son iguales, no hay cambios en los archivos del servidor
Thu Nov 22 21:06:49 2018
Archivos index.html y admin.html actualizados

Thu Nov 22 21:06:51 2018
Las sumas md5 son iguales, no hay cambios en los archivos del servidor
Thu Nov 22 21:06:57 2018
server: got connection from 
127.0.0.1

Thu Nov 22 21:06:57 2018
REQUEST:  GET / HTTP/1.1
Thu Nov 22 21:06:57 2018
server: got connection from 
127.0.0.1

Thu Nov 22 21:06:57 2018
REQUEST:  GET /actualizarIndex HTTP/1.1
Thu Nov 22 21:06:57 2018
server: got connection from 
127.0.0.1

Thu Nov 22 21:06:57 2018
REQUEST:  GET /assets/web/assets/mobirise-icons/mobirise-icons.css HTTP/1.1
Thu Nov 22 21:06:57 2018
server: got connection from 
127.0.0.1

Thu Nov 22 21:06:57 2018
server: got connection from 
127.0.0.1

Thu Nov 22 21:06:57 2018
server: got connection from 
127.0.0.1

Thu Nov 22 21:06:57 2018
server: got connection from 
127.0.0.1

Thu Nov 22 21:06:57 2018
server: got connection from 
127.0.0.1

Thu Nov 22 21:06:57 2018
server: got connection from 
127.0.0.1

Thu Nov 22 21:06:57 2018
REQUEST:  GET /assets/dropdown/css/style.css HTTP/1.1
Thu Nov 22 21:06:57 2018
REQUEST:  GET /assets/tether/tether.min.css HTTP/1.1
Thu Nov 22 21:06:57 2018
REQUEST:  GET /assets/bootstrap/css/bootstrap.min.css HTTP/1.1
Thu Nov 22 21:06:57 2018
REQUEST:  GET /assets/theme/css/style.css HTTP/1.1
Thu Nov 22 21:06:57 2018
server: got connection from 
127.0.0.1

Thu Nov 22 21:06:57 2018
server: got connection from 
127.0.0.1

Thu Nov 22 21:06:57 2018
server: got connection from 
127.0.0.1

Thu Nov 22 21:06:57 2018
server: got connection from 
127.0.0.1

Thu Nov 22 21:06:57 2018
REQUEST:  GET /assets/bootstrap/css/bootstrap-grid.min.css HTTP/1.1
Thu Nov 22 21:06:57 2018
REQUEST:  GET /assets/bootstrap/css/bootstrap-reboot.min.css HTTP/1.1
Thu Nov 22 21:06:57 2018
server: got connection from 
127.0.0.1

Thu Nov 22 21:06:57 2018
server: got connection from 
127.0.0.1

Thu Nov 22 21:06:57 2018
REQUEST:  GET /assets/mobirise/css/mbr-additional.css HTTP/1.1
Thu Nov 22 21:06:57 2018
REQUEST:  GET /estilos.css HTTP/1.1
Thu Nov 22 21:06:57 2018
REQUEST:  GET /assets/web/assets/jquery/jquery.min.js HTTP/1.1
Thu Nov 22 21:06:57 2018
REQUEST:  GET /assets/popper/popper.min.js HTTP/1.1
Thu Nov 22 21:06:57 2018
server: got connection from 
127.0.0.1

Thu Nov 22 21:06:57 2018
server: got connection from 
127.0.0.1

Thu Nov 22 21:06:57 2018
REQUEST:  GET /assets/tether/tether.min.js HTTP/1.1
Thu Nov 22 21:06:57 2018
REQUEST:  GET /assets/bootstrap/js/bootstrap.min.js HTTP/1.1
Thu Nov 22 21:06:57 2018
REQUEST:  GET /assets/smoothscroll/smooth-scroll.js HTTP/1.1
Thu Nov 22 21:06:57 2018
REQUEST:  GET /assets/dropdown/js/script.min.js HTTP/1.1
Thu Nov 22 21:06:57 2018
server: got connection from 
127.0.0.1

Thu Nov 22 21:06:57 2018
server: got connection from 
127.0.0.1

Thu Nov 22 21:06:57 2018
REQUEST:  GET /assets/touchswipe/jquery.touch-swipe.min.js HTTP/1.1
Thu Nov 22 21:06:57 2018
REQUEST:  GET /assets/theme/js/script.js HTTP/1.1
Thu Nov 22 21:06:58 2018
server: got connection from 
127.0.0.1

Thu Nov 22 21:06:58 2018
server: got connection from 
127.0.0.1

Thu Nov 22 21:06:58 2018
server: got connection from 
127.0.0.1

Thu Nov 22 21:06:58 2018
server: got connection from 
127.0.0.1

Thu Nov 22 21:06:58 2018
REQUEST:  GET /despacio.jpg HTTP/1.1
Thu Nov 22 21:06:58 2018
REQUEST:  GET /dino.jpg HTTP/1.1
Thu Nov 22 21:06:58 2018
REQUEST:  GET /cat.jpg HTTP/1.1
Thu Nov 22 21:06:58 2018
REQUEST:  GET /assets/images/ostubelogotrans-160x150.png HTTP/1.1
Thu Nov 22 21:06:59 2018
server: got connection from 
127.0.0.1

Thu Nov 22 21:06:59 2018
REQUEST:  GET /assets/images/ostubelogotrans-160x150.png HTTP/1.1
Thu Nov 22 21:07:00 2018
server: got connection from 
127.0.0.1

Thu Nov 22 21:07:00 2018
REQUEST:  GET /assets/bootstrap/js/bootstrap.min.js.map HTTP/1.1
Thu Nov 22 21:07:02 2018
Las sumas md5 son iguales, no hay cambios en los archivos del servidor
Thu Nov 22 21:07:08 2018
server: got connection from 
127.0.0.1

Thu Nov 22 21:07:08 2018
REQUEST:  GET /actualizarIndex HTTP/1.1
Thu Nov 22 21:07:12 2018
Las sumas md5 son iguales, no hay cambios en los archivos del servidor
Thu Nov 22 21:07:21 2018
server: got connection from 
127.0.0.1

Thu Nov 22 21:07:21 2018
REQUEST:  GET /actualizarIndex HTTP/1.1
Thu Nov 22 21:07:23 2018
Las sumas md5 son iguales, no hay cambios en los archivos del servidor
Thu Nov 22 21:07:34 2018
Las sumas md5 son diferentes

Thu Nov 22 21:07:35 2018
server: got connection from 
127.0.0.1

Thu Nov 22 21:07:35 2018
REQUEST:  GET /actualizarIndex HTTP/1.1
Thu Nov 22 21:07:40 2018
server: got connection from 
127.0.0.1

Thu Nov 22 21:07:45 2018
REQUEST:  GET /actualizarIndex HTTP/1.1
Thu Nov 22 21:07:45 2018
Las sumas md5 son iguales, no hay cambios en los archivos del servidor
Thu Nov 22 21:07:56 2018
Las sumas md5 son iguales, no hay cambios en los archivos del servidor
Thu Nov 22 21:08:06 2018
Las sumas md5 son iguales, no hay cambios en los archivos del servidor
Thu Nov 22 21:08:12 2018
server: got connection from 
127.0.0.1

Thu Nov 22 21:08:12 2018
REQUEST:  GET /actualizarIndex HTTP/1.1
Thu Nov 22 21:08:16 2018
Las sumas md5 son iguales, no hay cambios en los archivos del servidor
Thu Nov 22 21:08:21 2018
server: got connection from 
127.0.0.1

Thu Nov 22 21:08:22 2018
REQUEST:  GET /actualizarIndex HTTP/1.1
Thu Nov 22 21:08:22 2018
server: got connection from 
127.0.0.1

Thu Nov 22 21:08:27 2018
Las sumas md5 son iguales, no hay cambios en los archivos del servidor
Thu Nov 22 21:08:32 2018
server: got connection from 
127.0.0.1

Thu Nov 22 21:08:32 2018
REQUEST:  GET /actualizarIndex HTTP/1.1
Thu Nov 22 21:08:39 2018
Las sumas md5 son diferentes

Thu Nov 22 21:08:40 2018
server: got connection from 
127.0.0.1

Thu Nov 22 21:08:42 2018
REQUEST:  GET /actualizarIndex HTTP/1.1
Thu Nov 22 21:08:47 2018
server: got connection from 
127.0.0.1

Thu Nov 22 21:08:50 2018
Las sumas md5 son iguales, no hay cambios en los archivos del servidor
Thu Nov 22 21:08:52 2018
REQUEST:  GET /actualizarIndex HTTP/1.1
Thu Nov 22 21:08:58 2018
server: got connection from 
127.0.0.1

Thu Nov 22 21:09:01 2018
Las sumas md5 son iguales, no hay cambios en los archivos del servidor
Thu Nov 22 21:09:02 2018
REQUEST:  GET /actualizarIndex HTTP/1.1
